-------------------------------------------------------------------------------
Test set: starter.CucumberTestSuite
-------------------------------------------------------------------------------
Tests run: 51, Failures: 1, Errors: 0, Skipped: 0, Time elapsed: 328.799 s <<< FAILURE! - in starter.CucumberTestSuite
As a admin I can update news data by ID with valid endpoint and method(Update news by ID)  Time elapsed: 1.478 s  <<< FAILURE!
java.lang.AssertionError: 
1 expectation failed.
Expected status code <200> but was <404>.


