<?xml version="1.0" encoding="UTF-8" standalone="no"?><testsuite errors="0" failures="0" name="Delete complaint discussion by ID" skipped="0" tests="4" time="1.23" timestamp="2024-06-19 02:56:30"><testcase name="As a admin I can delete complaint discussion by ID with valid endpoint and method"/><testcase name="As a admin I can't delete complaint discussion by ID with wrong method"/><testcase name="As a admin I can't delete complaint discussion by ID with wrong endpoint"/><testcase name="As a admin I can't delete complaint discussion by ID with invalid ID"/></testsuite>