<?xml version="1.0" encoding="UTF-8" standalone="no"?><testsuite errors="0" failures="0" name="Update complaint discussion by ID" skipped="0" tests="4" time="0.78" timestamp="2024-06-19 02:56:59"><testcase name="As a admin I can update complaint discussion by ID with valid endpoint and method"/><testcase name="As a admin I can't update complaint discussion by ID with wrong method"/><testcase name="As a admin I can't update complaint discussion by ID with wrong endpoint"/><testcase name="As a admin I can't update complaint discussion by ID with invalid ID"/></testsuite>