<?xml version="1.0" encoding="UTF-8" standalone="no"?><testsuite errors="0" failures="0" name="Delete news comment by ID" skipped="0" tests="4" time="0.4" timestamp="2024-06-19 02:57:50"><testcase name="As a admin I can delete news comment by ID with valid endpoint and method"/><testcase name="As a admin I can't delete news comment by ID with wrong method"/><testcase name="As a admin I can't delete news comment by ID with wrong endpoint"/><testcase name="As a admin I can't delete news comment by ID with invalid ID"/></testsuite>