<?xml version="1.0" encoding="UTF-8" standalone="no"?><testsuite errors="0" failures="1" name="Update news by ID" skipped="0" tests="4" time="0.53" timestamp="2024-06-19 02:57:34"><testcase name="As a admin I can update news data by ID with valid endpoint and method"><failure message="1 expectation failed.&#10;Expected status code &lt;200&gt; but was &lt;404&gt;.&#10;" type="java.lang.AssertionError">1 expectation failed.
Expected status code &lt;200&gt; but was &lt;404&gt;.
</failure><system-err>1 expectation failed.
Expected status code &lt;200&gt; but was &lt;404&gt;.
&#13;
io.restassured.internal.ResponseSpecificationImpl.validateResponseIfRequired(ResponseSpecificationImpl.groovy:696)&#13;
io.restassured.internal.ResponseSpecificationImpl.this$2$validateResponseIfRequired(ResponseSpecificationImpl.groovy)&#13;
io.restassured.internal.ResponseSpecificationImpl.statusCode(ResponseSpecificationImpl.groovy:135)&#13;
io.restassured.internal.ResponseSpecificationImpl.statusCode(ResponseSpecificationImpl.groovy:143)&#13;
io.restassured.internal.ValidatableResponseOptionsImpl.statusCode(ValidatableResponseOptionsImpl.java:89)&#13;
starter.user.news.UpdateNewsById.lambda$seeStatus200$0(UpdateNewsById.java:41)&#13;
net.serenitybdd.rest.SerenityRest.restAssuredThat(SerenityRest.java:626)&#13;
starter.user.news.UpdateNewsById.seeStatus200(UpdateNewsById.java:41)&#13;
starter.stepdefinitions.news.UpdateNewsByIdSteps.seeStatus200(UpdateNewsByIdSteps.java:25)&#13;
</system-err></testcase><testcase name="As a admin I can't update news data by ID with wrong method"/><testcase name="As a admin I can't update news data by ID with wrong endpoint"/><testcase name="As a admin I can't update news data by ID with invalid ID"/></testsuite>