<?xml version="1.0" encoding="UTF-8" standalone="no"?><testsuite errors="0" failures="0" name="Create news comment by ID" skipped="0" tests="4" time="0.45" timestamp="2024-06-19 02:57:43"><testcase name="As a admin I can create news comment by ID with valid endpoint and method"/><testcase name="As a admin I can't create news comment by ID with wrong method"/><testcase name="As a admin I can't create news comment by ID with wrong endpoint"/><testcase name="As a admin I can't create news comment by ID with invalid ID"/></testsuite>