<?xml version="1.0" encoding="UTF-8" standalone="no"?><testsuite errors="0" failures="0" name="Get news by ID" skipped="0" tests="4" time="0.5" timestamp="2024-06-19 02:57:29"><testcase name="As a admin I can get news data by ID with valid endpoint and method"/><testcase name="As a admin I can't get news data by ID with valid endpoint and wrong method"/><testcase name="As a admin I can't get news data by ID with valid method and wrong endpoint"/><testcase name="As a admin I can't get news data by ID with wrong ID"/></testsuite>